\BOOKMARK [0][-]{chapter.1}{\376\377\000I\000n\000t\000r\000o\000d\000u\000z\000i\000o\000n\000e\000\040\000a\000l\000\040\000c\000o\000r\000s\000o}{}% 1
\BOOKMARK [1][-]{section.1.1}{\376\377\000C\000o\000m\000e\000\040\000n\000a\000s\000c\000o\000n\000o\000\040\000i\000\040\000l\000i\000n\000g\000u\000a\000g\000g\000i}{chapter.1}% 2
\BOOKMARK [2][-]{subsection.1.1.1}{\376\377\000D\000a\000l\000\040\000l\000i\000n\000g\000u\000a\000g\000g\000i\000o\000\040\000b\000i\000n\000a\000r\000i\000o\000\040\000a\000i\000\040\000l\000i\000n\000g\000u\000a\000g\000g\000i\000o\000\040\000a\000d\000\040\000a\000l\000t\000o\000\040\000l\000i\000v\000e\000l\000l\000o}{section.1.1}% 3
\BOOKMARK [2][-]{subsection.1.1.2}{\376\377\000C\000o\000s\000a\000\040\000s\000i\000g\000n\000i\000f\000i\000c\000a\000\040\000p\000r\000o\000g\000r\000a\000m\000m\000a\000r\000e}{section.1.1}% 4
\BOOKMARK [2][-]{subsection.1.1.3}{\376\377\000C\000o\000s\000a\000\040\000s\000o\000n\000o\000\040\000i\000\040\000l\000i\000n\000g\000u\000a\000g\000g\000i\000\040\000d\000i\000\040\000p\000r\000o\000g\000r\000a\000m\000m\000a\000z\000i\000o\000n\000e}{section.1.1}% 5
\BOOKMARK [1][-]{section.1.2}{\376\377\000L\000i\000n\000g\000u\000a\000g\000g\000i\000\040\000d\000i\000\040\000p\000r\000o\000g\000r\000a\000m\000m\000a\000z\000i\000o\000n\000e}{chapter.1}% 6
\BOOKMARK [2][-]{subsection.1.2.1}{\376\377\000P\000r\000o\000g\000e\000t\000t\000a\000r\000e\000\040\000l\000i\000n\000g\000u\000a\000g\000g\000i}{section.1.2}% 7
\BOOKMARK [2][-]{subsection.1.2.2}{\376\377\000C\000l\000a\000s\000s\000i\000f\000i\000c\000a\000z\000i\000o\000n\000e\000\040\000d\000e\000i\000\040\000l\000i\000n\000g\000u\000a\000g\000g\000i}{section.1.2}% 8
\BOOKMARK [1][-]{section.1.3}{\376\377\000I\000m\000p\000l\000e\000m\000e\000n\000t\000a\000r\000e\000\040\000l\000i\000n\000g\000u\000a\000g\000g\000i}{chapter.1}% 9
\BOOKMARK [2][-]{subsection.1.3.1}{\376\377\000M\000a\000c\000c\000h\000i\000n\000a\000\040\000a\000s\000t\000r\000a\000t\000t\000a}{section.1.3}% 10
\BOOKMARK [2][-]{subsection.1.3.2}{\376\377\000D\000o\000v\000e\000\040\000r\000e\000a\000l\000i\000z\000z\000a\000r\000e\000\040\000l\000a\000\040\000m\000a\000c\000c\000h\000i\000n\000a\000\040\000a\000s\000t\000r\000a\000t\000t\000a}{section.1.3}% 11
\BOOKMARK [2][-]{subsection.1.3.3}{\376\377\000L\000i\000v\000e\000l\000l\000i\000\040\000d\000i\000\040\000a\000s\000t\000r\000a\000z\000i\000o\000n\000e}{section.1.3}% 12
\BOOKMARK [2][-]{subsection.1.3.4}{\376\377\000C\000o\000m\000e\000\040\000r\000e\000a\000l\000i\000z\000z\000a\000r\000e\000\040\000l\000a\000\040\000m\000a\000c\000c\000h\000i\000n\000a\000\040\000a\000s\000t\000r\000a\000t\000t\000a}{section.1.3}% 13
\BOOKMARK [2][-]{subsection.1.3.5}{\376\377\000I\000n\000t\000e\000r\000p\000r\000e\000t\000e}{section.1.3}% 14
\BOOKMARK [2][-]{subsection.1.3.6}{\376\377\000C\000o\000m\000p\000i\000l\000a\000t\000o\000r\000e}{section.1.3}% 15
\BOOKMARK [2][-]{subsection.1.3.7}{\376\377\000S\000o\000l\000u\000z\000i\000o\000n\000e\000\040\000i\000b\000r\000i\000d\000a}{section.1.3}% 16
\BOOKMARK [0][-]{chapter.2}{\376\377\000D\000e\000s\000c\000r\000i\000v\000e\000r\000e\000\040\000i\000\040\000l\000i\000n\000g\000u\000a\000g\000g\000i}{}% 17
\BOOKMARK [1][-]{section.2.1}{\376\377\000D\000e\000s\000c\000r\000i\000v\000e\000r\000e\000\040\000i\000\040\000l\000i\000n\000g\000u\000a\000g\000g\000i\000\040\000d\000i\000\040\000p\000r\000o\000g\000r\000a\000m\000m\000a\000z\000i\000o\000n\000e}{chapter.2}% 18
\BOOKMARK [2][-]{subsection.2.1.1}{\376\377\000S\000i\000n\000t\000a\000s\000s\000i}{section.2.1}% 19
\BOOKMARK [2][-]{subsection.2.1.2}{\376\377\000G\000r\000a\000m\000m\000a\000t\000i\000c\000h\000e\000\040\000c\000o\000n\000t\000e\000x\000t\000-\000f\000r\000e\000e}{section.2.1}% 20
\BOOKMARK [2][-]{subsection.2.1.3}{\376\377\000D\000e\000s\000c\000r\000i\000v\000e\000r\000e\000\040\000u\000n\000\040\000s\000e\000m\000p\000l\000i\000c\000e\000\040\000l\000i\000n\000g\000u\000a\000g\000g\000i\000o}{section.2.1}% 21
\BOOKMARK [2][-]{subsection.2.1.4}{\376\377\000A\000n\000a\000l\000i\000s\000i\000\040\000s\000e\000m\000a\000n\000t\000i\000c\000a}{section.2.1}% 22
\BOOKMARK [2][-]{subsection.2.1.5}{\376\377\000S\000e\000m\000a\000n\000t\000i\000c\000a\000\040\000\050\000d\000i\000n\000a\000m\000i\000c\000a\000\051}{section.2.1}% 23
\BOOKMARK [2][-]{subsection.2.1.6}{\376\377\000I\000n\000d\000u\000z\000i\000o\000n\000e}{section.2.1}% 24
\BOOKMARK [2][-]{subsection.2.1.7}{\376\377\000U\000n\000\040\000s\000i\000g\000n\000i\000f\000i\000c\000a\000t\000o\000\040\000t\000a\000n\000t\000e\000\040\000r\000a\000p\000p\000r\000e\000s\000e\000n\000t\000a\000z\000i\000o\000n\000i}{section.2.1}% 25
\BOOKMARK [2][-]{subsection.2.1.8}{\376\377\000C\000o\000m\000p\000o\000s\000i\000z\000i\000o\000n\000a\000l\000i\000t\000\340}{section.2.1}% 26
\BOOKMARK [2][-]{subsection.2.1.9}{\376\377\000E\000q\000u\000i\000v\000a\000l\000e\000n\000z\000a}{section.2.1}% 27
\BOOKMARK [1][-]{section.2.2}{\376\377\000S\000e\000m\000a\000n\000t\000i\000c\000a\000\040\000o\000p\000e\000r\000a\000z\000i\000o\000n\000a\000l\000e}{chapter.2}% 28
\BOOKMARK [2][-]{subsection.2.2.1}{\376\377\000S\000i\000s\000t\000e\000m\000i\000\040\000d\000i\000\040\000t\000r\000a\000n\000s\000i\000z\000i\000o\000n\000e}{section.2.2}% 29
\BOOKMARK [1][-]{section.2.3}{\376\377\000C\000a\000t\000e\000g\000o\000r\000i\000e\000\040\000s\000i\000n\000t\000a\000t\000t\000i\000c\000h\000e}{chapter.2}% 30
\BOOKMARK [2][-]{subsection.2.3.1}{\376\377\000E\000s\000p\000r\000e\000s\000s\000i\000o\000n\000i}{section.2.3}% 31
\BOOKMARK [2][-]{subsection.2.3.2}{\376\377\000D\000i\000c\000h\000i\000a\000r\000a\000z\000i\000o\000n\000i}{section.2.3}% 32
\BOOKMARK [2][-]{subsection.2.3.3}{\376\377\000C\000o\000m\000a\000n\000d\000i}{section.2.3}% 33
\BOOKMARK [1][-]{section.2.4}{\376\377\000E\000s\000e\000m\000p\000i\000o\000\040\000P\000L\0000}{chapter.2}% 34
\BOOKMARK [0][-]{chapter.3}{\376\377\000E\000s\000p\000r\000e\000s\000s\000i\000o\000n\000i}{}% 35
\BOOKMARK [1][-]{section.3.1}{\376\377\000D\000e\000s\000c\000r\000i\000v\000e\000r\000e\000\040\000l\000e\000\040\000e\000s\000p\000r\000e\000s\000s\000i\000o\000n\000i}{chapter.3}% 36
\BOOKMARK [2][-]{subsection.3.1.1}{\376\377\000C\000o\000m\000e\000\040\000s\000i\000\040\000c\000a\000r\000a\000t\000t\000e\000r\000i\000z\000z\000a\000n\000o}{section.3.1}% 37
\BOOKMARK [1][-]{section.3.2}{\376\377\000N\000o\000t\000a\000z\000i\000o\000n\000e}{chapter.3}% 38
\BOOKMARK [2][-]{subsection.3.2.1}{\376\377\000N\000o\000t\000a\000z\000i\000o\000n\000e\000\040\000p\000o\000s\000t\000-\000f\000i\000s\000s\000a}{section.3.2}% 39
\BOOKMARK [2][-]{subsection.3.2.2}{\376\377\000N\000o\000t\000a\000z\000i\000o\000n\000e\000\040\000p\000r\000e\000-\000f\000i\000s\000s\000a}{section.3.2}% 40
\BOOKMARK [2][-]{subsection.3.2.3}{\376\377\000N\000o\000t\000a\000z\000i\000o\000n\000e\000\040\000i\000n\000f\000i\000s\000s\000a}{section.3.2}% 41
\BOOKMARK [2][-]{subsection.3.2.4}{\376\377\000O\000r\000d\000i\000n\000e\000\040\000d\000i\000\040\000v\000a\000l\000u\000t\000a\000z\000i\000o\000n\000e\000\040\000d\000e\000g\000l\000i\000\040\000o\000p\000e\000r\000a\000n\000d\000i}{section.3.2}% 42
\BOOKMARK [1][-]{section.3.3}{\376\377\000S\000e\000m\000a\000n\000t\000i\000c\000a}{chapter.3}% 43
\BOOKMARK [2][-]{subsection.3.3.1}{\376\377\000S\000e\000m\000a\000n\000t\000i\000c\000a\000\040\000n\000e\000l\000l\000e\000\040\000e\000s\000p\000r\000e\000s\000s\000i\000o\000n\000i}{section.3.3}% 44
\BOOKMARK [1][-]{section.3.4}{\376\377\000R\000e\000g\000o\000l\000e\000\040\000d\000i\000\040\000t\000r\000a\000n\000s\000i\000z\000i\000o\000n\000e}{chapter.3}% 45
\BOOKMARK [2][-]{subsection.3.4.1}{\376\377\000V\000a\000l\000u\000t\000a\000z\000i\000o\000n\000e\000\040\000d\000i\000\040\000e\000q\000u\000i\000v\000a\000l\000e\000n\000z\000a}{section.3.4}% 46
\BOOKMARK [0][-]{chapter.4}{\376\377\000D\000i\000c\000h\000i\000a\000r\000a\000z\000i\000o\000n\000i}{}% 47
\BOOKMARK [1][-]{section.4.1}{\376\377\000I\000d\000e\000n\000t\000i\000f\000i\000c\000a\000t\000o\000r\000i}{chapter.4}% 48
\BOOKMARK [1][-]{section.4.2}{\376\377\000B\000i\000n\000d\000i\000n\000g\000s}{chapter.4}% 49
\BOOKMARK [2][-]{subsection.4.2.1}{\376\377\000B\000i\000n\000d\000i\000n\000g\000\040\000e\000\040\000s\000c\000o\000p\000e}{section.4.2}% 50
\BOOKMARK [2][-]{subsection.4.2.2}{\376\377\000B\000i\000n\000d\000i\000n\000g\000s\000\040\000n\000e\000i\000\040\000l\000i\000n\000g\000u\000a\000g\000g\000i\000\040\000d\000i\000\040\000p\000r\000o\000g\000r\000a\000m\000m\000a\000z\000i\000o\000n\000e}{section.4.2}% 51
\BOOKMARK [2][-]{subsection.4.2.3}{\376\377\000T\000i\000p\000i\000\040\000d\000i\000\040\000b\000i\000n\000d\000i\000n\000g\000s\000\040\000n\000e\000i\000\040\000l\000i\000n\000g\000u\000a\000g\000g\000i\000\040\000d\000i\000\040\000p\000r\000o\000g\000r\000a\000m\000m\000a\000z\000i\000o\000n\000e}{section.4.2}% 52
\BOOKMARK [2][-]{subsection.4.2.4}{\376\377\000T\000e\000m\000p\000i\000\040\000d\000i\000\040\000b\000i\000n\000d\000i\000n\000g}{section.4.2}% 53
\BOOKMARK [1][-]{section.4.3}{\376\377\000I\000d\000e\000n\000t\000i\000f\000i\000c\000a\000t\000o\000r\000i\000,\000\040\000a\000m\000b\000i\000e\000n\000t\000i\000\040\000e\000\040\000d\000i\000c\000h\000i\000a\000r\000a\000z\000i\000o\000n\000i}{chapter.4}% 54
\BOOKMARK [2][-]{subsection.4.3.1}{\376\377\000T\000e\000r\000m\000i\000n\000i\000\040\000c\000h\000i\000u\000s\000i\000\040\000e\000\040\000g\000r\000o\000u\000n\000d}{section.4.3}% 55
\BOOKMARK [1][-]{section.4.4}{\376\377\000A\000m\000b\000i\000e\000n\000t\000i\000\040\000\050\000i\000n\000\040\000I\000M\000P\000\051}{chapter.4}% 56
\BOOKMARK [1][-]{section.4.5}{\376\377\000E\000s\000p\000r\000e\000s\000s\000i\000o\000n\000i\000\040\000c\000o\000n\000\040\000i\000d\000e\000n\000t\000i\000f\000i\000c\000a\000t\000o\000r\000i}{chapter.4}% 57
\BOOKMARK [2][-]{subsection.4.5.1}{\376\377\000I\000d\000e\000n\000t\000i\000f\000i\000c\000a\000t\000o\000r\000i\000\040\000l\000i\000b\000e\000r\000i}{section.4.5}% 58
\BOOKMARK [2][-]{subsection.4.5.2}{\376\377\000R\000e\000g\000o\000l\000e}{section.4.5}% 59
\BOOKMARK [1][-]{section.4.6}{\376\377\000T\000i\000p\000o}{chapter.4}% 60
\BOOKMARK [2][-]{subsection.4.6.1}{\376\377\000T\000y\000p\000e\000\040\000b\000i\000n\000d\000i\000n\000g}{section.4.6}% 61
\BOOKMARK [2][-]{subsection.4.6.2}{\376\377\000N\000e\000c\000e\000s\000s\000i\000t\000\340\000\040\000d\000i\000\040\000u\000n\000a\000\040\000s\000e\000m\000a\000n\000t\000i\000c\000a\000\040\000s\000t\000a\000t\000i\000c\000a}{section.4.6}% 62
\BOOKMARK [2][-]{subsection.4.6.3}{\376\377\000A\000m\000b\000i\000e\000n\000t\000e\000\040\000s\000t\000a\000t\000i\000c\000o\000\040\000e\000\040\000s\000e\000m\000a\000n\000t\000i\000c\000a\000\040\000s\000t\000a\000t\000i\000c\000a}{section.4.6}% 63
\BOOKMARK [2][-]{subsection.4.6.4}{\376\377\000S\000e\000m\000a\000n\000t\000i\000c\000a\000\040\000s\000t\000a\000t\000i\000c\000a\000\040\000d\000e\000l\000l\000e\000\040\000e\000s\000p\000r\000e\000s\000s\000i\000o\000n\000i}{section.4.6}% 64
\BOOKMARK [2][-]{subsection.4.6.5}{\376\377\000C\000o\000m\000p\000a\000t\000i\000b\000i\000l\000i\000t\000\340\000\040\000d\000i\000\040\000a\000m\000b\000i\000e\000n\000t\000i}{section.4.6}% 65
\BOOKMARK [2][-]{subsection.4.6.6}{\376\377\000E\000s\000p\000r\000e\000s\000s\000i\000o\000n\000i\000\040\000c\000o\000n\000\040\000i\000d\000\040\000c\000o\000s\000t\000a\000n\000t\000i\000:\000\040\000l\000e\000\040\000r\000e\000g\000o\000l\000e}{section.4.6}% 66
\BOOKMARK [1][-]{section.4.7}{\376\377\000D\000i\000c\000h\000i\000a\000r\000a\000z\000i\000o\000n\000e\000\040\000i\000n\000\040\000I\000M\000P}{chapter.4}% 67
\BOOKMARK [2][-]{subsection.4.7.1}{\376\377\000C\000o\000m\000p\000o\000r\000r\000e\000\040\000d\000i\000c\000h\000i\000a\000r\000a\000z\000i\000o\000n\000i}{section.4.7}% 68
\BOOKMARK [1][-]{section.4.8}{\376\377\000I\000d\000e\000n\000t\000i\000f\000i\000c\000a\000t\000o\000r\000i\000\040\000d\000e\000f\000i\000n\000i\000t\000i}{chapter.4}% 69
\BOOKMARK [2][-]{subsection.4.8.1}{\376\377\000I\000d\000e\000n\000t\000i\000f\000i\000c\000a\000t\000o\000r\000i\000\040\000l\000i\000b\000e\000r\000i}{section.4.8}% 70
\BOOKMARK [2][-]{subsection.4.8.2}{\376\377\000S\000e\000m\000a\000n\000t\000i\000c\000a\000\040\000s\000t\000a\000t\000i\000c\000a\000\040\000d\000e\000l\000l\000e\000\040\000d\000i\000c\000h\000i\000a\000r\000a\000z\000i\000o\000n\000i}{section.4.8}% 71
\BOOKMARK [2][-]{subsection.4.8.3}{\376\377\000S\000e\000m\000a\000n\000t\000i\000c\000a\000\040\000s\000t\000a\000t\000i\000c\000a\000\040\000d\000e\000l\000l\000e\000\040\000d\000i\000c\000h\000i\000a\000r\000a\000z\000i\000o\000n\000i\000\040\000c\000o\000m\000p\000o\000s\000t\000e}{section.4.8}% 72
\BOOKMARK [2][-]{subsection.4.8.4}{\376\377\000S\000e\000m\000a\000n\000t\000i\000c\000a\000\040\000s\000t\000a\000t\000i\000c\000a\000\040\000d\000e\000l\000l\000e\000\040\000d\000i\000c\000h\000i\000a\000r\000a\000z\000i\000o\000n\000i\000\040\000c\000o\000m\000p\000o\000s\000t\000e}{section.4.8}% 73
\BOOKMARK [1][-]{section.4.9}{\376\377\000S\000e\000m\000a\000n\000t\000i\000c\000a\000\040\000d\000i\000n\000a\000m\000i\000c\000a\000\040\000d\000e\000l\000l\000e\000\040\000d\000i\000c\000h\000i\000a\000r\000a\000z\000i\000o\000n\000i}{chapter.4}% 74
\BOOKMARK [2][-]{subsection.4.9.1}{\376\377\000R\000e\000g\000o\000l\000e}{section.4.9}% 75
\BOOKMARK [1][-]{section.4.10}{\376\377\000V\000a\000l\000u\000t\000a\000z\000i\000o\000n\000e\000\040\000e\000d\000\040\000e\000q\000u\000i\000v\000a\000l\000e\000n\000z\000a}{chapter.4}% 76
\BOOKMARK [1][-]{section.4.11}{\376\377\000C\000o\000m\000e\000\040\000s\000i\000\040\000u\000s\000a\000n\000o\000\040\000l\000e\000\040\000r\000e\000g\000o\000l\000e}{chapter.4}% 77
\BOOKMARK [0][-]{chapter.5}{\376\377\000C\000o\000m\000a\000n\000d\000i}{}% 78
\BOOKMARK [1][-]{section.5.1}{\376\377\000M\000e\000m\000o\000r\000i\000a}{chapter.5}% 79
\BOOKMARK [2][-]{subsection.5.1.1}{\376\377\000V\000a\000r\000i\000a\000b\000i\000l\000i\000\040\000e\000\040\000l\000o\000c\000a\000z\000i\000o\000n\000i}{section.5.1}% 80
\BOOKMARK [2][-]{subsection.5.1.2}{\376\377\000M\000e\000m\000o\000r\000i\000a\000\040\000e\000\040\000l\000o\000c\000a\000z\000i\000o\000n\000i}{section.5.1}% 81
\BOOKMARK [2][-]{subsection.5.1.3}{\376\377\000C\000o\000s\000t\000a\000n\000t\000i\000\040\000e\000\040\000v\000a\000r\000i\000a\000b\000i\000l\000i}{section.5.1}% 82
\BOOKMARK [1][-]{section.5.2}{\376\377\000N\000u\000o\000v\000a\000\040\000g\000r\000a\000m\000m\000a\000t\000i\000c\000a\000\040\000p\000e\000r\000\040\000l\000e\000\040\000d\000i\000c\000h\000i\000a\000r\000a\000z\000i\000o\000n\000i}{chapter.5}% 83
\BOOKMARK [2][-]{subsection.5.2.1}{\376\377\000V\000a\000r\000i\000a\000b\000i\000l\000i}{section.5.2}% 84
\BOOKMARK [2][-]{subsection.5.2.2}{\376\377\000S\000e\000m\000a\000n\000t\000i\000c\000a\000\040\000s\000t\000a\000t\000i\000c\000a\000\040\000p\000e\000r\000\040\000l\000e\000\040\000v\000a\000r\000i\000a\000b\000i\000l\000i}{section.5.2}% 85
\BOOKMARK [2][-]{subsection.5.2.3}{\376\377\000M\000e\000m\000o\000r\000i\000a\000\040\000e\000\040\000l\000o\000c\000a\000z\000i\000o\000n\000i\000\040\000i\000n\000\040\000I\000M\000P}{section.5.2}% 86
\BOOKMARK [1][-]{section.5.3}{\376\377\000S\000e\000m\000a\000n\000t\000i\000c\000a\000\040\000c\000o\000n\000\040\000m\000e\000m\000o\000r\000i\000a}{chapter.5}% 87
\BOOKMARK [2][-]{subsection.5.3.1}{\376\377\000R\000e\000g\000o\000l\000e\000\040\000d\000e\000f\000i\000n\000i\000t\000i\000v\000e\000\040\000d\000e\000l\000l\000e\000\040\000e\000s\000p\000r\000e\000s\000s\000i\000o\000n\000i\000\040\000c\000o\000n\000\040\000v\000a\000r\000i\000a\000b\000i\000l\000i}{section.5.3}% 88
\BOOKMARK [2][-]{subsection.5.3.2}{\376\377\000R\000e\000g\000o\000l\000e\000\040\000d\000e\000f\000i\000n\000i\000t\000i\000v\000e\000\040\000d\000e\000l\000l\000e\000\040\000e\000s\000p\000r\000e\000s\000s\000i\000o\000n\000i\000\040\000c\000o\000n\000\040\000c\000h\000i\000u\000s\000u\000r\000a\000\040\000t\000r\000a\000n\000s\000i\000t\000i\000v\000a}{section.5.3}% 89
\BOOKMARK [2][-]{subsection.5.3.3}{\376\377\000R\000e\000g\000o\000l\000e\000\040\000d\000e\000f\000i\000n\000i\000t\000i\000v\000e\000\040\000d\000e\000l\000l\000e\000\040\000e\000s\000p\000r\000e\000s\000s\000i\000o\000n\000i\000\040\000c\000o\000n\000\040\000v\000a\000r\000i\000a\000b\000i\000l\000i}{section.5.3}% 90
\BOOKMARK [2][-]{subsection.5.3.4}{\376\377\000S\000e\000m\000a\000n\000t\000i\000c\000a\000\040\000d\000i\000n\000a\000m\000i\000c\000a\000\040\000d\000e\000l\000l\000e\000\040\000v\000a\000r\000i\000a\000b\000i\000l\000i}{section.5.3}% 91
\BOOKMARK [2][-]{subsection.5.3.5}{\376\377\000R\000e\000g\000o\000l\000e\000\040\000e\000q\000u\000i\000v\000a\000l\000e\000n\000t\000i\000\040\000c\000o\000n\000\040\000c\000h\000i\000u\000s\000u\000r\000a\000\040\000t\000r\000a\000n\000s\000i\000t\000i\000v\000a}{section.5.3}% 92
\BOOKMARK [1][-]{section.5.4}{\376\377\000C\000o\000m\000a\000n\000d\000i}{chapter.5}% 93
\BOOKMARK [2][-]{subsection.5.4.1}{\376\377\000S\000e\000m\000a\000n\000t\000i\000c\000a\000\040\000d\000e\000i\000\040\000c\000o\000m\000a\000n\000d\000i}{section.5.4}% 94
\BOOKMARK [2][-]{subsection.5.4.2}{\376\377\000R\000e\000g\000o\000l\000e\000\040\000p\000e\000r\000\040\000l\000o\000\040\000s\000k\000i\000p}{section.5.4}% 95
\BOOKMARK [2][-]{subsection.5.4.3}{\376\377\000R\000e\000g\000o\000l\000e\000\040\000p\000e\000r\000\040\000l\000'\000a\000s\000s\000e\000g\000n\000a\000m\000e\000n\000t\000o}{section.5.4}% 96
\BOOKMARK [2][-]{subsection.5.4.4}{\376\377\000R\000e\000g\000o\000l\000e\000\040\000p\000e\000r\000\040\000I\000f\000-\000t\000h\000e\000n\000-\000e\000l\000s\000e}{section.5.4}% 97
\BOOKMARK [2][-]{subsection.5.4.5}{\376\377\000R\000e\000g\000o\000l\000e\000\040\000d\000i\000\040\000c\000o\000m\000p\000o\000s\000i\000z\000i\000o\000n\000e}{section.5.4}% 98
\BOOKMARK [2][-]{subsection.5.4.6}{\376\377\000R\000e\000g\000o\000l\000e\000\040\000p\000e\000r\000\040\000i\000l\000\040\000w\000h\000i\000l\000e}{section.5.4}% 99
\BOOKMARK [2][-]{subsection.5.4.7}{\376\377\000I\000\040\000b\000l\000o\000c\000c\000h\000i}{section.5.4}% 100
\BOOKMARK [2][-]{subsection.5.4.8}{\376\377\000R\000e\000g\000o\000l\000e\000\040\000p\000e\000r\000\040\000i\000\040\000b\000l\000o\000c\000c\000h\000i}{section.5.4}% 101
\BOOKMARK [0][-]{chapter.6}{\376\377\000P\000r\000o\000c\000e\000d\000u\000r\000e}{}% 102
\BOOKMARK [1][-]{section.6.1}{\376\377\000I\000n\000t\000r\000o\000d\000u\000z\000i\000o\000n\000e}{chapter.6}% 103
\BOOKMARK [1][-]{section.6.2}{\376\377\000A\000s\000t\000r\000a\000z\000i\000o\000n\000e\000\040\000d\000e\000l\000\040\000c\000o\000n\000t\000r\000o\000l\000l\000o}{chapter.6}% 104
\BOOKMARK [2][-]{subsection.6.2.1}{\376\377\000P\000r\000o\000c\000e\000d\000u\000r\000e}{section.6.2}% 105
\BOOKMARK [2][-]{subsection.6.2.2}{\376\377\000F\000u\000n\000z\000i\000o\000n\000i\000\040\000e\000\040\000p\000r\000o\000c\000e\000d\000u\000r\000e}{section.6.2}% 106
\BOOKMARK [1][-]{section.6.3}{\376\377\000V\000i\000s\000i\000b\000i\000l\000i\000t\000\340\000\040\000e\000\040\000a\000m\000b\000i\000e\000n\000t\000e\000\040\000d\000i\000\040\000r\000i\000f\000e\000r\000i\000m\000e\000n\000t\000o}{chapter.6}% 107
\BOOKMARK [2][-]{subsection.6.3.1}{\376\377\000S\000c\000o\000p\000e\000\040\000s\000t\000a\000t\000i\000c\000o\000\040\000e\000\040\000d\000i\000n\000a\000m\000i\000c\000o}{section.6.3}% 108
