\BOOKMARK [0][-]{chapter.1}{\376\377\000T\000r\000a\000n\000s\000a\000z\000i\000o\000n\000i}{}% 1
\BOOKMARK [1][-]{section.1.1}{\376\377\000T\000e\000c\000n\000o\000l\000o\000g\000i\000e\000\040\000p\000e\000r\000\040\000l\000e\000\040\000b\000a\000s\000i\000\040\000d\000i\000\040\000d\000a\000t\000i}{chapter.1}% 2
\BOOKMARK [2][-]{subsection.1.1.1}{\376\377\000T\000r\000a\000n\000s\000a\000z\000i\000o\000n\000e}{section.1.1}% 3
\BOOKMARK [2][-]{subsection.1.1.2}{\376\377\000A\000r\000c\000h\000i\000t\000e\000t\000t\000u\000r\000a\000\040\000d\000i\000\040\000u\000n\000\040\000D\000B\000M\000S}{section.1.1}% 4
\BOOKMARK [1][-]{section.1.2}{\376\377\000A\000r\000c\000h\000i\000t\000e\000t\000t\000u\000r\000a\000\040\000d\000i\000\040\000u\000n\000\040\000D\000B\000M\000S}{chapter.1}% 5
\BOOKMARK [2][-]{subsection.1.2.1}{\376\377\000G\000e\000s\000t\000o\000r\000e\000\040\000d\000e\000l\000\040\000B\000u\000f\000f\000e\000r}{section.1.2}% 6
\BOOKMARK [2][-]{subsection.1.2.2}{\376\377\000P\000r\000i\000m\000i\000t\000i\000v\000e\000\040\000p\000e\000r\000\040\000l\000a\000\040\000g\000e\000s\000t\000i\000o\000n\000e\000\040\000d\000e\000l\000\040\000b\000u\000f\000f\000e\000r}{section.1.2}% 7
\BOOKMARK [2][-]{subsection.1.2.3}{\376\377\000G\000e\000s\000t\000o\000r\000e\000\040\000d\000e\000l\000l\000'\000a\000f\000f\000i\000d\000a\000b\000i\000l\000i\000t\000\340}{section.1.2}% 8
\BOOKMARK [2][-]{subsection.1.2.4}{\376\377\000G\000e\000s\000t\000i\000o\000n\000e\000\040\000d\000e\000l\000\040\000f\000i\000l\000e\000\040\000d\000i\000\040\000L\000O\000G}{section.1.2}% 9
\BOOKMARK [2][-]{subsection.1.2.5}{\376\377\000R\000i\000p\000r\000e\000s\000a\000\040\000a\000\040\000c\000a\000l\000d\000o}{section.1.2}% 10
\BOOKMARK [2][-]{subsection.1.2.6}{\376\377\000R\000i\000p\000r\000e\000s\000a\000\040\000a\000\040\000f\000r\000e\000d\000d\000o}{section.1.2}% 11
\BOOKMARK [0][-]{chapter.2}{\376\377\000S\000t\000r\000u\000t\000t\000u\000r\000e\000\040\000f\000i\000s\000i\000c\000h\000e\000\040\000e\000\040\000s\000t\000r\000u\000t\000t\000u\000r\000e\000\040\000d\000i\000\040\000a\000c\000c\000e\000s\000s\000o\000\040\000a\000i\000\040\000d\000a\000t\000i}{}% 12
\BOOKMARK [1][-]{section.2.1}{\376\377\000G\000e\000s\000t\000o\000r\000e\000\040\000d\000e\000i\000\040\000m\000e\000t\000o\000d\000i\000\040\000d\000i\000\040\000a\000c\000c\000e\000s\000s\000o}{chapter.2}% 13
\BOOKMARK [2][-]{subsection.2.1.1}{\376\377\000O\000r\000g\000a\000n\000i\000z\000z\000a\000z\000i\000o\000n\000e\000\040\000d\000i\000\040\000u\000n\000\040\000b\000l\000o\000c\000c\000o\000\040\000D\000A\000T\000I}{section.2.1}% 14
\BOOKMARK [2][-]{subsection.2.1.2}{\376\377\000S\000t\000r\000u\000t\000t\000u\000r\000a\000\040\000d\000e\000l\000\040\000d\000i\000z\000i\000o\000n\000a\000r\000i\000o}{section.2.1}% 15
\BOOKMARK [2][-]{subsection.2.1.3}{\376\377\000O\000p\000e\000r\000a\000z\000i\000o\000n\000i\000\040\000s\000u\000l\000l\000e\000\040\000p\000a\000g\000i\000n\000e}{section.2.1}% 16
\BOOKMARK [1][-]{section.2.2}{\376\377\000S\000t\000r\000u\000t\000t\000u\000r\000a\000\040\000s\000e\000q\000u\000e\000n\000z\000i\000a\000l\000e\000\040\000o\000r\000d\000i\000n\000a\000t\000a}{chapter.2}% 17
\BOOKMARK [2][-]{subsection.2.2.1}{\376\377\000O\000p\000e\000r\000a\000z\000i\000o\000n\000i}{section.2.2}% 18
\BOOKMARK [1][-]{section.2.3}{\376\377\000I\000n\000d\000i\000c\000i}{chapter.2}% 19
\BOOKMARK [2][-]{subsection.2.3.1}{\376\377\000I\000n\000d\000i\000c\000e\000\040\000p\000r\000i\000m\000a\000r\000i\000o}{section.2.3}% 20
\BOOKMARK [2][-]{subsection.2.3.2}{\376\377\000I\000n\000d\000i\000c\000e\000\040\000s\000e\000c\000o\000n\000d\000a\000r\000i\000o}{section.2.3}% 21
\BOOKMARK [2][-]{subsection.2.3.3}{\376\377\000O\000p\000e\000r\000a\000z\000i\000o\000n\000i\000\040\000d\000i\000\040\000r\000i\000c\000e\000r\000c\000a}{section.2.3}% 22
\BOOKMARK [1][-]{section.2.4}{\376\377\000B\000-\000+\000T\000r\000e\000e}{chapter.2}% 23
\BOOKMARK [2][-]{subsection.2.4.1}{\376\377\000S\000t\000r\000u\000t\000t\000u\000r\000a}{section.2.4}% 24
\BOOKMARK [2][-]{subsection.2.4.2}{\376\377\000V\000i\000n\000c\000o\000l\000i\000\040\000d\000i\000\040\000r\000i\000e\000m\000p\000i\000m\000e\000n\000t\000o}{section.2.4}% 25
\BOOKMARK [2][-]{subsection.2.4.3}{\376\377\000O\000p\000e\000r\000a\000z\000i\000o\000n\000i}{section.2.4}% 26
\BOOKMARK [1][-]{section.2.5}{\376\377\000H\000a\000s\000h}{chapter.2}% 27
\BOOKMARK [2][-]{subsection.2.5.1}{\376\377\000O\000p\000e\000r\000a\000z\000i\000o\000n\000i}{section.2.5}% 28
\BOOKMARK [2][-]{subsection.2.5.2}{\376\377\000O\000s\000s\000e\000r\000v\000a\000z\000i\000o\000n\000i}{section.2.5}% 29
\BOOKMARK [2][-]{subsection.2.5.3}{\376\377\000C\000o\000l\000l\000i\000s\000i\000o\000n\000i}{section.2.5}% 30
\BOOKMARK [2][-]{subsection.2.5.4}{\376\377\000G\000e\000s\000t\000i\000o\000n\000e\000\040\000d\000e\000l\000l\000e\000\040\000c\000o\000l\000l\000i\000s\000i\000o\000n\000i}{section.2.5}% 31
\BOOKMARK [1][-]{section.2.6}{\376\377\000C\000o\000n\000f\000r\000o\000n\000t\000o\000\040\000t\000r\000a\000\040\000B\000+\000-\000t\000r\000e\000e\000\040\000e\000\040\000H\000a\000s\000h\000i\000n\000g}{chapter.2}% 32
\BOOKMARK [0][-]{chapter.3}{\376\377\000E\000s\000e\000c\000u\000z\000i\000o\000n\000e\000\040\000c\000o\000n\000c\000o\000r\000r\000e\000n\000t\000e\000\040\000d\000i\000\040\000t\000r\000a\000n\000s\000a\000z\000i\000o\000n\000i}{}% 33
\BOOKMARK [1][-]{section.3.1}{\376\377\000A\000n\000o\000m\000a\000l\000i\000e\000\040\000d\000i\000\040\000e\000s\000e\000c\000u\000z\000i\000o\000n\000e\000\040\000c\000o\000n\000c\000o\000r\000r\000e\000n\000t\000e}{chapter.3}% 34
\BOOKMARK [1][-]{section.3.2}{\376\377\000S\000c\000h\000e\000d\000u\000l\000e}{chapter.3}% 35
\BOOKMARK [2][-]{subsection.3.2.1}{\376\377\000S\000c\000h\000e\000d\000u\000l\000e\000\040\000s\000e\000r\000i\000a\000l\000e}{section.3.2}% 36
\BOOKMARK [2][-]{subsection.3.2.2}{\376\377\000S\000c\000h\000e\000d\000u\000l\000e\000\040\000s\000e\000r\000i\000a\000l\000i\000z\000z\000a\000b\000i\000l\000e}{section.3.2}% 37
\BOOKMARK [1][-]{section.3.3}{\376\377\000E\000q\000u\000i\000v\000a\000l\000e\000n\000z\000a\000\040\000t\000r\000a\000\040\000s\000c\000h\000e\000d\000u\000l\000e}{chapter.3}% 38
\BOOKMARK [2][-]{subsection.3.3.1}{\376\377\000I\000p\000o\000t\000e\000s\000i\000\040\000d\000i\000\040\000c\000o\000m\000m\000i\000t\000-\000p\000r\000o\000i\000e\000z\000i\000o\000n\000e}{section.3.3}% 39
\BOOKMARK [2][-]{subsection.3.3.2}{\376\377\000V\000i\000e\000w\000-\000e\000q\000u\000i\000v\000a\000l\000e\000n\000z\000a}{section.3.3}% 40
\BOOKMARK [2][-]{subsection.3.3.3}{\376\377\000C\000o\000n\000f\000l\000i\000c\000t\000-\000e\000q\000u\000i\000v\000a\000l\000e\000n\000z\000a}{section.3.3}% 41
\BOOKMARK [2][-]{subsection.3.3.4}{\376\377\000V\000e\000r\000i\000f\000i\000c\000a\000\040\000a\000l\000g\000o\000r\000i\000t\000m\000o\000\040\000s\000u\000l\000\040\000g\000r\000a\000f\000o}{section.3.3}% 42
\BOOKMARK [1][-]{section.3.4}{\376\377\000L\000o\000c\000k\000i\000n\000g\000\040\000a\000\040\000d\000u\000e\000\040\000f\000a\000s\000i}{chapter.3}% 43
\BOOKMARK [2][-]{subsection.3.4.1}{\376\377\000M\000e\000c\000c\000a\000n\000i\000s\000m\000o\000\040\000d\000i\000\040\000b\000a\000s\000e}{section.3.4}% 44
\BOOKMARK [2][-]{subsection.3.4.2}{\376\377\000P\000o\000l\000i\000t\000i\000c\000a\000\040\000d\000i\000\040\000c\000o\000n\000c\000e\000s\000s\000i\000o\000n\000e\000\040\000d\000e\000i\000\040\000l\000o\000c\000k}{section.3.4}% 45
\BOOKMARK [2][-]{subsection.3.4.3}{\376\377\000S\000e\000r\000i\000a\000l\000i\000z\000z\000a\000b\000i\000l\000i\000t\000\340}{section.3.4}% 46
\BOOKMARK [2][-]{subsection.3.4.4}{\376\377\0002\000P\000L\000\040\000s\000t\000r\000e\000t\000t\000o}{section.3.4}% 47
\BOOKMARK [2][-]{subsection.3.4.5}{\376\377\000B\000l\000o\000c\000c\000o\000\040\000c\000r\000i\000t\000i\000c\000o}{section.3.4}% 48
\BOOKMARK [2][-]{subsection.3.4.6}{\376\377\000G\000e\000s\000t\000i\000o\000n\000e\000\040\000d\000e\000l\000l\000a\000\040\000c\000o\000n\000c\000o\000r\000r\000e\000n\000z\000a\000\040\000i\000n\000\040\000S\000Q\000L}{section.3.4}% 49
\BOOKMARK [0][-]{chapter.4}{\376\377\000O\000t\000t\000i\000m\000i\000z\000z\000a\000z\000i\000o\000n\000e\000\040\000d\000i\000\040\000i\000n\000t\000e\000r\000r\000o\000g\000a\000z\000i\000o\000n\000i}{}% 50
\BOOKMARK [1][-]{section.4.1}{\376\377\000O\000t\000t\000i\000m\000i\000z\000z\000a\000z\000i\000o\000n\000e}{chapter.4}% 51
\BOOKMARK [1][-]{section.4.2}{\376\377\000O\000t\000t\000i\000m\000i\000z\000z\000a\000z\000i\000o\000n\000e\000\040\000d\000i\000p\000e\000n\000d\000e\000n\000t\000e\000\040\000d\000a\000i\000\040\000m\000e\000t\000o\000d\000i\000\040\000d\000i\000\040\000a\000c\000c\000e\000s\000s\000o}{chapter.4}% 52
\BOOKMARK [2][-]{subsection.4.2.1}{\376\377\000S\000c\000a\000n\000s\000i\000o\000n\000e}{section.4.2}% 53
\BOOKMARK [2][-]{subsection.4.2.2}{\376\377\000O\000r\000d\000i\000n\000a\000m\000e\000n\000t\000o}{section.4.2}% 54
\BOOKMARK [2][-]{subsection.4.2.3}{\376\377\000A\000c\000c\000e\000s\000s\000o\000\040\000d\000i\000r\000e\000t\000t\000o\000\040\000v\000i\000a\000\040\000i\000n\000d\000i\000c\000e}{section.4.2}% 55
\BOOKMARK [1][-]{section.4.3}{\376\377\000A\000l\000g\000o\000r\000i\000t\000m\000i\000\040\000p\000e\000r\000\040\000i\000l\000\040\000j\000o\000i\000n}{chapter.4}% 56
\BOOKMARK [2][-]{subsection.4.3.1}{\376\377\000N\000e\000s\000t\000e\000d\000-\000L\000o\000o\000p\000\040\000J\000o\000i\000n}{section.4.3}% 57
\BOOKMARK [2][-]{subsection.4.3.2}{\376\377\000M\000e\000r\000g\000e\000-\000S\000c\000a\000n\000\040\000J\000o\000i\000n}{section.4.3}% 58
\BOOKMARK [2][-]{subsection.4.3.3}{\376\377\000H\000a\000s\000h\000-\000b\000a\000s\000e\000d\000\040\000J\000o\000i\000n}{section.4.3}% 59
\BOOKMARK [2][-]{subsection.4.3.4}{\376\377\000S\000c\000e\000l\000t\000a\000\040\000f\000i\000n\000a\000l\000e\000\040\000d\000e\000l\000\040\000p\000i\000a\000n\000o\000\040\000d\000i\000\040\000e\000s\000e\000c\000u\000z\000i\000o\000n\000e}{section.4.3}% 60
\BOOKMARK [0][-]{chapter.5}{\376\377\000X\000M\000L}{}% 61
\BOOKMARK [1][-]{section.5.1}{\376\377\000S\000i\000n\000t\000a\000s\000s\000i\000\040\000d\000i\000\040\000b\000a\000s\000e}{chapter.5}% 62
\BOOKMARK [2][-]{subsection.5.1.1}{\376\377\000S\000i\000n\000t\000a\000s\000s\000i}{section.5.1}% 63
\BOOKMARK [2][-]{subsection.5.1.2}{\376\377\000E\000l\000e\000m\000e\000n\000t\000i\000\040\000o\000\040\000a\000t\000t\000r\000i\000b\000u\000t\000i}{section.5.1}% 64
\BOOKMARK [2][-]{subsection.5.1.3}{\376\377\000V\000a\000l\000i\000d\000a\000z\000i\000o\000n\000e\000\040\000d\000e\000i\000\040\000d\000o\000c\000u\000m\000e\000n\000t\000i\000\040\000X\000M\000L}{section.5.1}% 65
\BOOKMARK [1][-]{section.5.2}{\376\377\000X\000M\000L\000\040\000S\000c\000h\000e\000m\000a}{chapter.5}% 66
