\BOOKMARK [0][-]{chapter.1}{\376\377\000R\000i\000p\000a\000s\000s\000o\000\040\000d\000i\000\040\000R\000e\000t\000i\000\040\000d\000i\000\040\000C\000a\000l\000c\000o\000l\000a\000t\000o\000r\000i}{}% 1
\BOOKMARK [1][-]{section.1.1}{\376\377\000C\000o\000n\000c\000e\000t\000t\000i\000\040\000d\000i\000\040\000b\000a\000s\000e}{chapter.1}% 2
\BOOKMARK [1][-]{section.1.2}{\376\377\000L\000i\000v\000e\000l\000l\000o\000\040\000d\000i\000\040\000A\000p\000p\000l\000i\000c\000a\000z\000i\000o\000n\000e}{chapter.1}% 3
\BOOKMARK [2][-]{subsection.1.2.1}{\376\377\000A\000r\000c\000h\000i\000t\000e\000t\000t\000u\000r\000e\000\040\000d\000e\000l\000l\000e\000\040\000a\000p\000p\000l\000i\000c\000a\000z\000i\000o\000n\000i\000\040\000d\000i\000\040\000r\000e\000t\000e}{section.1.2}% 4
\BOOKMARK [2][-]{subsection.1.2.2}{\376\377\000S\000e\000r\000v\000i\000z\000i\000\040\000d\000i\000\040\000t\000r\000a\000s\000p\000o\000r\000t\000o\000\040\000d\000i\000\040\000u\000n\000'\000a\000p\000p\000l\000i\000c\000a\000z\000i\000o\000n\000e}{section.1.2}% 5
\BOOKMARK [1][-]{section.1.3}{\376\377\000L\000i\000v\000e\000l\000l\000o\000\040\000d\000i\000\040\000T\000r\000a\000s\000p\000o\000r\000t\000o}{chapter.1}% 6
\BOOKMARK [2][-]{subsection.1.3.1}{\376\377\000S\000o\000c\000k\000e\000t}{section.1.3}% 7
\BOOKMARK [2][-]{subsection.1.3.2}{\376\377\000U\000s\000e\000r\000\040\000D\000a\000t\000a\000g\000r\000a\000m\000\040\000P\000r\000o\000t\000o\000c\000o\000l}{section.1.3}% 8
\BOOKMARK [2][-]{subsection.1.3.3}{\376\377\000T\000r\000a\000n\000s\000p\000o\000r\000t\000\040\000C\000o\000n\000t\000r\000o\000l\000\040\000P\000r\000o\000t\000o\000c\000o\000l}{section.1.3}% 9
\BOOKMARK [2][-]{subsection.1.3.4}{\376\377\000I\000n\000t\000e\000r\000a\000z\000i\000o\000n\000e\000\040\000t\000r\000a\000\040\000R\000o\000u\000t\000e\000r\000\040\000e\000\040\000F\000o\000r\000w\000a\000r\000d\000i\000n\000g}{section.1.3}% 10
\BOOKMARK [1][-]{section.1.4}{\376\377\000L\000i\000v\000e\000l\000l\000o\000\040\000d\000i\000\040\000R\000e\000t\000e}{chapter.1}% 11
\BOOKMARK [2][-]{subsection.1.4.1}{\376\377\000G\000e\000r\000a\000r\000i\000c\000h\000i\000a\000\040\000d\000e\000g\000l\000i\000\040\000i\000n\000d\000i\000r\000i\000z\000z\000i\000\040\000I\000P}{section.1.4}% 12
\BOOKMARK [2][-]{subsection.1.4.2}{\376\377\000N\000o\000t\000a\000z\000i\000o\000n\000e\000\040\000C\000l\000a\000s\000s\000l\000e\000s\000s\000-\000D\000o\000m\000a\000i\000n\000\040\000R\000o\000u\000t\000i\000n\000g}{section.1.4}% 13
\BOOKMARK [2][-]{subsection.1.4.3}{\376\377\000I\000n\000t\000e\000r\000f\000a\000c\000c\000e\000\040\000d\000i\000\040\000r\000e\000t\000e}{section.1.4}% 14
\BOOKMARK [1][-]{section.1.5}{\376\377\000L\000i\000v\000e\000l\000l\000o\000\040\000d\000i\000\040\000C\000o\000l\000l\000e\000g\000a\000m\000e\000n\000t\000o\000\040\000D\000a\000t\000i}{chapter.1}% 15
\BOOKMARK [2][-]{subsection.1.5.1}{\376\377\000F\000r\000a\000m\000i\000n\000g}{section.1.5}% 16
\BOOKMARK [2][-]{subsection.1.5.2}{\376\377\000M\000e\000t\000o\000d\000o\000\040\000d\000i\000\040\000a\000c\000c\000e\000s\000s\000o\000\040\000a\000l\000\040\000c\000a\000n\000a\000l\000e}{section.1.5}% 17
\BOOKMARK [0][-]{chapter.2}{\376\377\000D\000a\000l\000\040\000W\000e\000b\000\040\000a\000i\000\040\000W\000e\000b\000s\000e\000r\000v\000i\000c\000e\000s}{}% 18
\BOOKMARK [1][-]{section.2.1}{\376\377\000H\000T\000T\000P\000/\000H\000T\000T\000P\000S}{chapter.2}% 19
\BOOKMARK [2][-]{subsection.2.1.1}{\376\377\000E\000s\000e\000m\000p\000i\000o\000\040\000d\000i\000\040\000r\000i\000s\000p\000o\000s\000t\000a}{section.2.1}% 20
\BOOKMARK [1][-]{section.2.2}{\376\377\000M\000e\000t\000o\000d\000i\000\040\000d\000i\000\040\000r\000i\000c\000h\000i\000e\000s\000t\000a\000\040\000H\000T\000T\000P}{chapter.2}% 21
\BOOKMARK [1][-]{section.2.3}{\376\377\000H\000T\000T\000P\000S}{chapter.2}% 22
\BOOKMARK [1][-]{section.2.4}{\376\377\000S\000e\000r\000v\000i\000c\000e\000-\000o\000r\000i\000e\000n\000t\000e\000d\000\040\000a\000r\000c\000h\000i\000t\000e\000c\000t\000u\000r\000e}{chapter.2}% 23
\BOOKMARK [2][-]{subsection.2.4.1}{\376\377\000V\000a\000n\000t\000a\000g\000g\000i}{section.2.4}% 24
\BOOKMARK [1][-]{section.2.5}{\376\377\000A\000p\000p\000l\000i\000c\000a\000z\000i\000o\000n\000i\000\040\000c\000l\000i\000e\000n\000t\000\040\000s\000e\000r\000v\000e\000r}{chapter.2}% 25
\BOOKMARK [2][-]{subsection.2.5.1}{\376\377\000P\000r\000o\000t\000o\000c\000o\000l\000l\000o\000\040\000U\000D\000P}{section.2.5}% 26
\BOOKMARK [2][-]{subsection.2.5.2}{\376\377\000C\000o\000m\000e\000\040\000s\000c\000r\000i\000v\000e\000r\000e\000\040\000a\000p\000p\000l\000i\000c\000a\000z\000i\000o\000n\000i\000\040\000d\000i\000\040\000r\000e\000t\000e}{section.2.5}% 27
\BOOKMARK [1][-]{section.2.6}{\376\377\000W\000e\000b\000\040\000S\000o\000c\000k\000e\000t}{chapter.2}% 28
\BOOKMARK [0][-]{chapter.3}{\376\377\000S\000i\000c\000u\000r\000e\000z\000z\000a\000\040\000d\000e\000l\000l\000e\000\040\000r\000e\000t\000i}{}% 29
\BOOKMARK [1][-]{section.3.1}{\376\377\000C\000o\000n\000f\000i\000d\000e\000n\000z\000i\000a\000l\000i\000t\000\340}{chapter.3}% 30
\BOOKMARK [1][-]{section.3.2}{\376\377\000I\000n\000t\000e\000g\000r\000i\000t\000\340}{chapter.3}% 31
\BOOKMARK [1][-]{section.3.3}{\376\377\000D\000i\000s\000p\000o\000n\000i\000b\000i\000l\000i\000t\000\340}{chapter.3}% 32
\BOOKMARK [1][-]{section.3.4}{\376\377\000A\000u\000t\000e\000n\000t\000i\000c\000i\000t\000\340}{chapter.3}% 33
\BOOKMARK [1][-]{section.3.5}{\376\377\000T\000r\000a\000c\000c\000i\000a\000b\000i\000l\000i\000t\000\340}{chapter.3}% 34
\BOOKMARK [1][-]{section.3.6}{\376\377\000I\000n\000\040\000c\000h\000e\000\040\000m\000o\000d\000o\000\040\000l\000e\000\040\000r\000i\000s\000o\000r\000s\000e\000\040\000s\000o\000n\000o\000\040\000m\000i\000n\000a\000c\000c\000i\000a\000t\000e}{chapter.3}% 35
\BOOKMARK [2][-]{subsection.3.6.1}{\376\377\000C\000l\000a\000s\000s\000i\000\040\000d\000i\000\040\000m\000i\000n\000a\000c\000c\000e}{section.3.6}% 36
\BOOKMARK [1][-]{section.3.7}{\376\377\000C\000o\000s\000a\000\040\000b\000i\000s\000o\000g\000n\000a\000\040\000f\000a\000r\000e\000\040\000p\000e\000r\000\040\000c\000o\000n\000t\000r\000a\000s\000t\000a\000r\000e\000\040\000l\000e\000\040\000m\000i\000n\000a\000c\000c\000e\000?}{chapter.3}% 37
\BOOKMARK [0][-]{chapter.4}{\376\377\000C\000r\000i\000t\000t\000o\000g\000r\000a\000f\000i\000a}{}% 38
\BOOKMARK [1][-]{section.4.1}{\376\377\000I\000n\000t\000r\000o\000d\000u\000z\000i\000o\000n\000e}{chapter.4}% 39
\BOOKMARK [1][-]{section.4.2}{\376\377\000A\000l\000g\000o\000r\000i\000t\000m\000o\000\040\000c\000r\000i\000t\000t\000o\000g\000r\000a\000f\000i\000c\000o}{chapter.4}% 40
\BOOKMARK [2][-]{subsection.4.2.1}{\376\377\000E\000l\000e\000m\000e\000n\000t\000i\000\040\000d\000e\000l\000\040\000p\000r\000o\000c\000e\000s\000s\000o\000\040\000c\000r\000i\000t\000t\000o\000g\000r\000a\000f\000i\000c\000o}{section.4.2}% 41
\BOOKMARK [1][-]{section.4.3}{\376\377\000C\000r\000i\000t\000t\000o\000a\000n\000a\000l\000i\000s\000i}{chapter.4}% 42
\BOOKMARK [1][-]{section.4.4}{\376\377\000C\000r\000i\000t\000t\000o\000g\000r\000a\000f\000i\000a\000\040\000a\000\040\000c\000h\000i\000a\000v\000e\000\040\000s\000i\000m\000m\000e\000t\000r\000i\000c\000a}{chapter.4}% 43
\BOOKMARK [0][-]{chapter.5}{\376\377\000W\000i\000r\000e\000s\000h\000a\000r\000k}{}% 44
\BOOKMARK [0][-]{chapter.6}{\376\377\000D\000o\000c\000k\000e\000r}{}% 45
\BOOKMARK [1][-]{section.6.1}{\376\377\000M\000o\000t\000i\000v\000a\000z\000i\000o\000n\000i}{chapter.6}% 46
\BOOKMARK [1][-]{section.6.2}{\376\377\000S\000o\000l\000u\000z\000i\000o\000n\000i}{chapter.6}% 47
\BOOKMARK [2][-]{subsection.6.2.1}{\376\377\000C\000i\000c\000l\000o\000\040\000d\000i\000\040\000v\000i\000t\000a\000\040}{section.6.2}% 48
